app/build/intermediates/manifest_merge_blame_file/sinOpenCVDebug/manifest-merger-blame-sinOpenCV-debug-report.txt
1<?xml version="1.0" encoding="utf-8"?>
2<manifest xmlns:android="http://schemas.android.com/apk/res/android"
3    package="com.ojas.edgedectator.sinopencv"
4    android:versionCode="1"
5    android:versionName="1.0" >
6
7    <uses-sdk
8        android:minSdkVersion="19"
8-->src\main\AndroidManifest.xml
9        android:targetSdkVersion="32" />
9-->src\main\AndroidManifest.xml
10
11    <uses-permission android:name="android.permission.CAMERA" />
11-->src\main\AndroidManifest.xml:5:5-64
11-->src\main\AndroidManifest.xml:5:22-62
12
13    <uses-feature
13-->src\main\AndroidManifest.xml:6:5-83
14        android:name="android.hardware.camera"
14-->src\main\AndroidManifest.xml:6:19-57
15        android:required="true" />
15-->src\main\AndroidManifest.xml:6:58-81
16    <uses-feature android:name="android.hardware.camera.autofocus" />
16-->src\main\AndroidManifest.xml:7:5-69
16-->src\main\AndroidManifest.xml:7:19-67
17    <uses-feature android:name="android.hardware.camera.front" />
17-->src\main\AndroidManifest.xml:8:5-65
17-->src\main\AndroidManifest.xml:8:19-63
18    <uses-feature android:name="android.hardware.camera.front.autofocus" />
18-->src\main\AndroidManifest.xml:9:5-75
18-->src\main\AndroidManifest.xml:9:19-73
19
20    <uses-permission android:name="android.permission.READ_EXTERNAL_STORAGE" />
20-->src\main\AndroidManifest.xml:10:5-80
20-->src\main\AndroidManifest.xml:10:22-77
21
22    <!-- Although the *SdkVersion is captured in gradle build files, this is required for non gradle builds -->
23    <!-- <uses-sdk android:minSdkVersion="14"/> -->
24    <uses-permission android:name="android.permission.ACCESS_NETWORK_STATE" />
24-->[com.google.firebase:firebase-storage:20.0.1] AndroidManifest.xml:26:5-79
24-->[com.google.firebase:firebase-storage:20.0.1] AndroidManifest.xml:26:22-76
25    <uses-permission android:name="android.permission.INTERNET" />
25-->[com.google.firebase:firebase-storage:20.0.1] AndroidManifest.xml:27:5-67
25-->[com.google.firebase:firebase-storage:20.0.1] AndroidManifest.xml:27:22-64
26
27    <application
27-->src\main\AndroidManifest.xml:12:5-27:19
28        android:name="androidx.multidex.MultiDexApplication"
29        android:allowBackup="true"
29-->src\main\AndroidManifest.xml:13:9-35
30        android:appComponentFactory="androidx.core.app.CoreComponentFactory"
30-->[androidx.core:core:1.8.0] AndroidManifest.xml:24:18-86
31        android:debuggable="true"
32        android:icon="@mipmap/ic_launcher"
32-->src\main\AndroidManifest.xml:14:9-43
33        android:label="@string/app_name"
33-->src\main\AndroidManifest.xml:15:9-41
34        android:roundIcon="@mipmap/ic_launcher_round"
34-->src\main\AndroidManifest.xml:16:9-54
35        android:supportsRtl="true"
35-->src\main\AndroidManifest.xml:17:9-35
36        android:theme="@style/Theme.OpenCVEdgeDetector" >
36-->src\main\AndroidManifest.xml:18:9-56
37        <activity
37-->src\main\AndroidManifest.xml:19:9-26:20
38            android:name="com.ojas.edgedetectator.MainActivity"
38-->src\main\AndroidManifest.xml:19:19-47
39            android:exported="true" >
39-->src\main\AndroidManifest.xml:20:13-36
40            <intent-filter>
40-->src\main\AndroidManifest.xml:21:13-25:29
41                <action android:name="android.intent.action.MAIN" />
41-->src\main\AndroidManifest.xml:22:17-69
41-->src\main\AndroidManifest.xml:22:25-66
42
43                <category android:name="android.intent.category.LAUNCHER" />
43-->src\main\AndroidManifest.xml:24:17-77
43-->src\main\AndroidManifest.xml:24:27-74
44            </intent-filter>
45        </activity>
46
47        <service
47-->[com.google.firebase:firebase-storage:20.0.1] AndroidManifest.xml:30:9-36:19
48            android:name="com.google.firebase.components.ComponentDiscoveryService"
48-->[com.google.firebase:firebase-storage:20.0.1] AndroidManifest.xml:31:13-84
49            android:directBootAware="true"
49-->[com.google.firebase:firebase-common:20.1.1] AndroidManifest.xml:35:13-43
50            android:exported="false" >
50-->[com.google.firebase:firebase-storage:20.0.1] AndroidManifest.xml:32:13-37
51            <meta-data
51-->[com.google.firebase:firebase-storage:20.0.1] AndroidManifest.xml:33:13-35:85
52                android:name="com.google.firebase.components:com.google.firebase.storage.StorageRegistrar"
52-->[com.google.firebase:firebase-storage:20.0.1] AndroidManifest.xml:34:17-107
53                android:value="com.google.firebase.components.ComponentRegistrar" />
53-->[com.google.firebase:firebase-storage:20.0.1] AndroidManifest.xml:35:17-82
54            <meta-data
54-->[com.google.firebase:firebase-database:20.0.5] AndroidManifest.xml:32:13-34:85
55                android:name="com.google.firebase.components:com.google.firebase.database.DatabaseRegistrar"
55-->[com.google.firebase:firebase-database:20.0.5] AndroidManifest.xml:33:17-109
56                android:value="com.google.firebase.components.ComponentRegistrar" />
56-->[com.google.firebase:firebase-database:20.0.5] AndroidManifest.xml:34:17-82
57        </service>
58
59        <provider
59-->[com.google.firebase:firebase-common:20.1.1] AndroidManifest.xml:26:9-31:39
60            android:name="com.google.firebase.provider.FirebaseInitProvider"
60-->[com.google.firebase:firebase-common:20.1.1] AndroidManifest.xml:27:13-77
61            android:authorities="com.ojas.edgedectator.sinopencv.firebaseinitprovider"
61-->[com.google.firebase:firebase-common:20.1.1] AndroidManifest.xml:28:13-72
62            android:directBootAware="true"
62-->[com.google.firebase:firebase-common:20.1.1] AndroidManifest.xml:29:13-43
63            android:exported="false"
63-->[com.google.firebase:firebase-common:20.1.1] AndroidManifest.xml:30:13-37
64            android:initOrder="100" />
64-->[com.google.firebase:firebase-common:20.1.1] AndroidManifest.xml:31:13-36
65
66        <activity
66-->[com.google.android.gms:play-services-base:18.0.1] AndroidManifest.xml:20:9-22:45
67            android:name="com.google.android.gms.common.api.GoogleApiActivity"
67-->[com.google.android.gms:play-services-base:18.0.1] AndroidManifest.xml:20:19-85
68            android:exported="false"
68-->[com.google.android.gms:play-services-base:18.0.1] AndroidManifest.xml:22:19-43
69            android:theme="@android:style/Theme.Translucent.NoTitleBar" />
69-->[com.google.android.gms:play-services-base:18.0.1] AndroidManifest.xml:21:19-78
70
71        <meta-data
71-->[com.google.android.gms:play-services-basement:18.0.0] AndroidManifest.xml:21:9-23:69
72            android:name="com.google.android.gms.version"
72-->[com.google.android.gms:play-services-basement:18.0.0] AndroidManifest.xml:22:13-58
73            android:value="@integer/google_play_services_version" />
73-->[com.google.android.gms:play-services-basement:18.0.0] AndroidManifest.xml:23:13-66
74
75        <provider
75-->[androidx.emoji2:emoji2:1.2.0] AndroidManifest.xml:24:9-32:20
76            android:name="androidx.startup.InitializationProvider"
76-->[androidx.emoji2:emoji2:1.2.0] AndroidManifest.xml:25:13-67
77            android:authorities="com.ojas.edgedectator.sinopencv.androidx-startup"
77-->[androidx.emoji2:emoji2:1.2.0] AndroidManifest.xml:26:13-68
78            android:exported="false" >
78-->[androidx.emoji2:emoji2:1.2.0] AndroidManifest.xml:27:13-37
79            <meta-data
79-->[androidx.emoji2:emoji2:1.2.0] AndroidManifest.xml:29:13-31:52
80                android:name="androidx.emoji2.text.EmojiCompatInitializer"
80-->[androidx.emoji2:emoji2:1.2.0] AndroidManifest.xml:30:17-75
81                android:value="androidx.startup" />
81-->[androidx.emoji2:emoji2:1.2.0] AndroidManifest.xml:31:17-49
82            <meta-data
82-->[androidx.lifecycle:lifecycle-process:2.4.1] AndroidManifest.xml:31:13-33:52
83                android:name="androidx.lifecycle.ProcessLifecycleInitializer"
83-->[androidx.lifecycle:lifecycle-process:2.4.1] AndroidManifest.xml:32:17-78
84                android:value="androidx.startup" />
84-->[androidx.lifecycle:lifecycle-process:2.4.1] AndroidManifest.xml:33:17-49
85        </provider>
86    </application>
87
88</manifest>